<?xml version="1.0" encoding="UTF-8"?>
<!-- Generated by org.testng.reporters.JUnitReportReporter -->
<testsuite hostname="LAPTOP-HVD09R67" failures="0" tests="1" name="qaClickAcademy.SeleniumTest" time="0.011" errors="0" timestamp="21 Jun 2021 16:48:00 GMT">
  <testcase classname="qaClickAcademy.SeleniumTest" name="Test2" time="0.011"/>
</testsuite> <!-- qaClickAcademy.SeleniumTest -->
