<?xml version="1.0" encoding="UTF-8"?>
<!-- Generated by org.testng.reporters.JUnitReportReporter -->
<testsuite hostname="LAPTOP-HVD09R67" failures="0" tests="1" name="qaClickAcademy.HomePage" time="39.836" errors="0" timestamp="22 Jun 2021 18:05:45 GMT" skipped="0">
  <testcase classname="qaClickAcademy.HomePage" name="basePageNavigation" time="39.836"/>
</testsuite> <!-- qaClickAcademy.HomePage -->
