<?xml version="1.0" encoding="UTF-8"?>
<!-- Generated by org.testng.reporters.JUnitReportReporter -->
<testsuite hostname="LAPTOP-HVD09R67" failures="0" tests="2" name="qaClickAcademy.Sample" time="42.289" errors="0" timestamp="22 Jun 2021 15:36:51 GMT" skipped="0">
  <testcase classname="qaClickAcademy.Sample" name="Test1234" time="35.103"/>
  <testcase classname="qaClickAcademy.Sample" name="Test123" time="7.186"/>
</testsuite> <!-- qaClickAcademy.Sample -->
