<?xml version="1.0" encoding="UTF-8"?>
<!-- Generated by org.testng.reporters.JUnitReportReporter -->
<testsuite skipped="0" hostname="LAPTOP-HVD09R67" name="qaClickAcademy.SeleniumTest" tests="1" failures="0" timestamp="21 Jun 2021 17:17:29 GMT" time="0.009" errors="0">
  <testcase name="Test2" time="0.009" classname="qaClickAcademy.SeleniumTest"/>
</testsuite> <!-- qaClickAcademy.SeleniumTest -->
