<?xml version="1.0" encoding="UTF-8"?>
<!-- Generated by org.testng.reporters.JUnitReportReporter -->
<testsuite skipped="0" hostname="LAPTOP-HVD09R67" name="qaClickAcademy.RestAssuredTest" tests="2" failures="0" timestamp="21 Jun 2021 17:17:16 GMT" time="0.006" errors="0">
  <testcase name="APITest1" time="0.006" classname="qaClickAcademy.RestAssuredTest"/>
  <testcase name="APITest2" time="0.000" classname="qaClickAcademy.RestAssuredTest"/>
</testsuite> <!-- qaClickAcademy.RestAssuredTest -->
